<?xml version="1.0" encoding="UTF-8" ?>
<testsuite tests="4" failures="0" name="minions_SL.PlazasTransporte.AppTest" time="0.021" errors="0" skipped="0">
  <properties>
[...]
</properties>
  <testcase classname="minions_SL.PlazasTransporte.AppTest" name="testApp" time="0.007"/>
  <testcase classname="minions_SL.PlazasTransporte.AppTest" name="testMain0" time="0.013"/>
  <testcase classname="minions_SL.PlazasTransporte.AppTest" name="testMain1" time="0"/>
  <testcase classname="minions_SL.PlazasTransporte.AppTest" name="testMain2" time="0.001"/>
</testsuite>